{"C:\\Users\\maik.stegemann\\Desktop\\temp\\Home24\\Frontend\\Projekt\\Wetter-App-TDD\\backend\\src\\app.js": {"path":"C:\\Users\\maik.stegemann\\Desktop\\temp\\Home24\\Frontend\\Projekt\\Wetter-App-TDD\\backend\\src\\app.js","statementMap":{"0":{"start":{"line":1,"column":20},"end":{"line":1,"column":42}},"1":{"start":{"line":2,"column":16},"end":{"line":2,"column":34}},"2":{"start":{"line":3,"column":13},"end":{"line":3,"column":28}},"3":{"start":{"line":4,"column":21},"end":{"line":4,"column":45}},"4":{"start":{"line":5,"column":15},"end":{"line":5,"column":32}},"5":{"start":{"line":7,"column":12},"end":{"line":7,"column":21}},"6":{"start":{"line":9,"column":0},"end":{"line":9,"column":23}},"7":{"start":{"line":10,"column":0},"end":{"line":10,"column":24}},"8":{"start":{"line":11,"column":0},"end":{"line":11,"column":48}},"9":{"start":{"line":12,"column":0},"end":{"line":12,"column":24}},"10":{"start":{"line":15,"column":0},"end":{"line":15,"column":56}},"11":{"start":{"line":17,"column":0},"end":{"line":17,"column":50}},"12":{"start":{"line":20,"column":0},"end":{"line":32,"column":3}},"13":{"start":{"line":21,"column":2},"end":{"line":31,"column":3}},"14":{"start":{"line":22,"column":17},"end":{"line":27,"column":5}},"15":{"start":{"line":28,"column":4},"end":{"line":28,"column":40}},"16":{"start":{"line":29,"column":4},"end":{"line":29,"column":21}},"17":{"start":{"line":30,"column":4},"end":{"line":30,"column":21}},"18":{"start":{"line":34,"column":0},"end":{"line":34,"column":21}}},"fnMap":{"0":{"name":"(anonymous_0)","decl":{"start":{"line":20,"column":8},"end":{"line":20,"column":9}},"loc":{"start":{"line":20,"column":39},"end":{"line":32,"column":1}},"line":20}},"branchMap":{"0":{"loc":{"start":{"line":21,"column":2},"end":{"line":31,"column":3}},"type":"if","locations":[{"start":{"line":21,"column":2},"end":{"line":31,"column":3}},{"start":{},"end":{}}],"line":21},"1":{"loc":{"start":{"line":24,"column":20},"end":{"line":24,"column":41}},"type":"binary-expr","locations":[{"start":{"line":24,"column":20},"end":{"line":24,"column":34}},{"start":{"line":24,"column":38},"end":{"line":24,"column":41}}],"line":24}},"s":{"0":1,"1":1,"2":1,"3":1,"4":1,"5":1,"6":1,"7":1,"8":1,"9":1,"10":1,"11":1,"12":1,"13":11,"14":11,"15":11,"16":11,"17":11,"18":1},"f":{"0":11},"b":{"0":[11,0],"1":[11,0]},"_coverageSchema":"1a1c01bbd47fc00a2c39e90264f33305004495a9","hash":"5e7a470aa2a8b3e8c340109198c6bb3a7e591dca"}
,"C:\\Users\\maik.stegemann\\Desktop\\temp\\Home24\\Frontend\\Projekt\\Wetter-App-TDD\\backend\\src\\database\\database.js": {"path":"C:\\Users\\maik.stegemann\\Desktop\\temp\\Home24\\Frontend\\Projekt\\Wetter-App-TDD\\backend\\src\\database\\database.js","statementMap":{"0":{"start":{"line":1,"column":15},"end":{"line":1,"column":33}},"1":{"start":{"line":2,"column":17},"end":{"line":2,"column":50}},"2":{"start":{"line":3,"column":11},"end":{"line":3,"column":24}},"3":{"start":{"line":5,"column":11},"end":{"line":5,"column":48}},"4":{"start":{"line":7,"column":16},"end":{"line":46,"column":1}},"5":{"start":{"line":48,"column":0},"end":{"line":48,"column":33}}},"fnMap":{},"branchMap":{},"s":{"0":1,"1":1,"2":1,"3":1,"4":1,"5":1},"f":{},"b":{},"_coverageSchema":"1a1c01bbd47fc00a2c39e90264f33305004495a9","hash":"2444ef80e834fd8cf2322bdb2827f46fd2ec16f8"}
,"C:\\Users\\maik.stegemann\\Desktop\\temp\\Home24\\Frontend\\Projekt\\Wetter-App-TDD\\backend\\src\\routes\\user.js": {"path":"C:\\Users\\maik.stegemann\\Desktop\\temp\\Home24\\Frontend\\Projekt\\Wetter-App-TDD\\backend\\src\\routes\\user.js","statementMap":{"0":{"start":{"line":1,"column":16},"end":{"line":1,"column":34}},"1":{"start":{"line":2,"column":24},"end":{"line":2,"column":55}},"2":{"start":{"line":3,"column":34},"end":{"line":3,"column":65}},"3":{"start":{"line":4,"column":24},"end":{"line":4,"column":46}},"4":{"start":{"line":5,"column":15},"end":{"line":5,"column":31}},"5":{"start":{"line":8,"column":0},"end":{"line":8,"column":61}},"6":{"start":{"line":9,"column":0},"end":{"line":9,"column":57}},"7":{"start":{"line":10,"column":0},"end":{"line":10,"column":51}},"8":{"start":{"line":11,"column":0},"end":{"line":11,"column":39}},"9":{"start":{"line":12,"column":0},"end":{"line":12,"column":49}},"10":{"start":{"line":13,"column":0},"end":{"line":13,"column":59}},"11":{"start":{"line":16,"column":17},"end":{"line":16,"column":38}},"12":{"start":{"line":17,"column":2},"end":{"line":25,"column":5}},"13":{"start":{"line":18,"column":4},"end":{"line":24,"column":5}},"14":{"start":{"line":19,"column":6},"end":{"line":19,"column":23}},"15":{"start":{"line":20,"column":11},"end":{"line":24,"column":5}},"16":{"start":{"line":21,"column":6},"end":{"line":21,"column":28}},"17":{"start":{"line":23,"column":6},"end":{"line":23,"column":46}},"18":{"start":{"line":29,"column":23},"end":{"line":29,"column":35}},"19":{"start":{"line":30,"column":14},"end":{"line":30,"column":59}},"20":{"start":{"line":31,"column":2},"end":{"line":33,"column":3}},"21":{"start":{"line":32,"column":4},"end":{"line":32,"column":21}},"22":{"start":{"line":34,"column":17},"end":{"line":34,"column":38}},"23":{"start":{"line":35,"column":2},"end":{"line":65,"column":5}},"24":{"start":{"line":36,"column":4},"end":{"line":64,"column":5}},"25":{"start":{"line":37,"column":6},"end":{"line":37,"column":23}},"26":{"start":{"line":39,"column":6},"end":{"line":45,"column":7}},"27":{"start":{"line":40,"column":8},"end":{"line":44,"column":10}},"28":{"start":{"line":46,"column":6},"end":{"line":63,"column":7}},"29":{"start":{"line":52,"column":8},"end":{"line":54,"column":10}},"30":{"start":{"line":56,"column":8},"end":{"line":62,"column":11}},"31":{"start":{"line":57,"column":10},"end":{"line":61,"column":11}},"32":{"start":{"line":58,"column":12},"end":{"line":58,"column":29}},"33":{"start":{"line":60,"column":12},"end":{"line":60,"column":80}},"34":{"start":{"line":69,"column":23},"end":{"line":69,"column":56}},"35":{"start":{"line":70,"column":14},"end":{"line":70,"column":59}},"36":{"start":{"line":71,"column":2},"end":{"line":73,"column":3}},"37":{"start":{"line":72,"column":4},"end":{"line":72,"column":21}},"38":{"start":{"line":74,"column":17},"end":{"line":78,"column":3}},"39":{"start":{"line":79,"column":2},"end":{"line":97,"column":5}},"40":{"start":{"line":80,"column":4},"end":{"line":96,"column":5}},"41":{"start":{"line":81,"column":6},"end":{"line":81,"column":23}},"42":{"start":{"line":83,"column":6},"end":{"line":95,"column":7}},"43":{"start":{"line":84,"column":8},"end":{"line":86,"column":10}},"44":{"start":{"line":88,"column":8},"end":{"line":94,"column":11}},"45":{"start":{"line":89,"column":10},"end":{"line":93,"column":11}},"46":{"start":{"line":90,"column":12},"end":{"line":90,"column":29}},"47":{"start":{"line":92,"column":12},"end":{"line":92,"column":76}},"48":{"start":{"line":101,"column":23},"end":{"line":101,"column":78}},"49":{"start":{"line":102,"column":14},"end":{"line":102,"column":59}},"50":{"start":{"line":103,"column":2},"end":{"line":105,"column":3}},"51":{"start":{"line":104,"column":4},"end":{"line":104,"column":21}},"52":{"start":{"line":106,"column":17},"end":{"line":110,"column":3}},"53":{"start":{"line":111,"column":2},"end":{"line":145,"column":3}},"54":{"start":{"line":112,"column":4},"end":{"line":112,"column":75}},"55":{"start":{"line":114,"column":4},"end":{"line":144,"column":7}},"56":{"start":{"line":115,"column":6},"end":{"line":143,"column":7}},"57":{"start":{"line":116,"column":8},"end":{"line":116,"column":25}},"58":{"start":{"line":118,"column":8},"end":{"line":142,"column":9}},"59":{"start":{"line":119,"column":10},"end":{"line":123,"column":12}},"60":{"start":{"line":125,"column":10},"end":{"line":141,"column":11}},"61":{"start":{"line":126,"column":12},"end":{"line":128,"column":14}},"62":{"start":{"line":130,"column":12},"end":{"line":140,"column":14}},"63":{"start":{"line":134,"column":16},"end":{"line":138,"column":17}},"64":{"start":{"line":135,"column":18},"end":{"line":135,"column":35}},"65":{"start":{"line":137,"column":18},"end":{"line":137,"column":63}},"66":{"start":{"line":149,"column":23},"end":{"line":149,"column":42}},"67":{"start":{"line":150,"column":14},"end":{"line":150,"column":59}},"68":{"start":{"line":151,"column":2},"end":{"line":153,"column":3}},"69":{"start":{"line":152,"column":4},"end":{"line":152,"column":21}},"70":{"start":{"line":154,"column":17},"end":{"line":154,"column":71}},"71":{"start":{"line":155,"column":2},"end":{"line":169,"column":5}},"72":{"start":{"line":156,"column":4},"end":{"line":168,"column":5}},"73":{"start":{"line":157,"column":6},"end":{"line":157,"column":23}},"74":{"start":{"line":159,"column":6},"end":{"line":167,"column":7}},"75":{"start":{"line":160,"column":8},"end":{"line":164,"column":10}},"76":{"start":{"line":166,"column":8},"end":{"line":166,"column":56}},"77":{"start":{"line":173,"column":23},"end":{"line":173,"column":59}},"78":{"start":{"line":174,"column":14},"end":{"line":174,"column":59}},"79":{"start":{"line":175,"column":2},"end":{"line":177,"column":3}},"80":{"start":{"line":176,"column":4},"end":{"line":176,"column":21}},"81":{"start":{"line":178,"column":17},"end":{"line":178,"column":71}},"82":{"start":{"line":179,"column":2},"end":{"line":207,"column":3}},"83":{"start":{"line":180,"column":4},"end":{"line":180,"column":75}},"84":{"start":{"line":182,"column":4},"end":{"line":206,"column":7}},"85":{"start":{"line":183,"column":6},"end":{"line":205,"column":7}},"86":{"start":{"line":184,"column":8},"end":{"line":184,"column":25}},"87":{"start":{"line":186,"column":8},"end":{"line":204,"column":9}},"88":{"start":{"line":187,"column":10},"end":{"line":191,"column":12}},"89":{"start":{"line":193,"column":10},"end":{"line":203,"column":12}},"90":{"start":{"line":197,"column":14},"end":{"line":201,"column":15}},"91":{"start":{"line":198,"column":16},"end":{"line":198,"column":33}},"92":{"start":{"line":200,"column":16},"end":{"line":200,"column":61}},"93":{"start":{"line":210,"column":0},"end":{"line":212,"column":2}}},"fnMap":{"0":{"name":"getAllFavoritesOfOneUser","decl":{"start":{"line":15,"column":9},"end":{"line":15,"column":33}},"loc":{"start":{"line":15,"column":50},"end":{"line":26,"column":1}},"line":15},"1":{"name":"(anonymous_1)","decl":{"start":{"line":17,"column":51},"end":{"line":17,"column":52}},"loc":{"start":{"line":17,"column":66},"end":{"line":25,"column":3}},"line":17},"2":{"name":"deleteAccount","decl":{"start":{"line":28,"column":9},"end":{"line":28,"column":22}},"loc":{"start":{"line":28,"column":39},"end":{"line":66,"column":1}},"line":28},"3":{"name":"(anonymous_3)","decl":{"start":{"line":35,"column":44},"end":{"line":35,"column":45}},"loc":{"start":{"line":35,"column":58},"end":{"line":65,"column":3}},"line":35},"4":{"name":"(anonymous_4)","decl":{"start":{"line":56,"column":50},"end":{"line":56,"column":51}},"loc":{"start":{"line":56,"column":59},"end":{"line":62,"column":9}},"line":56},"5":{"name":"postRegister","decl":{"start":{"line":68,"column":9},"end":{"line":68,"column":21}},"loc":{"start":{"line":68,"column":38},"end":{"line":98,"column":1}},"line":68},"6":{"name":"(anonymous_6)","decl":{"start":{"line":79,"column":47},"end":{"line":79,"column":48}},"loc":{"start":{"line":79,"column":61},"end":{"line":97,"column":3}},"line":79},"7":{"name":"(anonymous_7)","decl":{"start":{"line":88,"column":52},"end":{"line":88,"column":53}},"loc":{"start":{"line":88,"column":61},"end":{"line":94,"column":9}},"line":88},"8":{"name":"putResetPassword","decl":{"start":{"line":100,"column":9},"end":{"line":100,"column":25}},"loc":{"start":{"line":100,"column":42},"end":{"line":146,"column":1}},"line":100},"9":{"name":"(anonymous_9)","decl":{"start":{"line":114,"column":59},"end":{"line":114,"column":60}},"loc":{"start":{"line":114,"column":73},"end":{"line":144,"column":5}},"line":114},"10":{"name":"(anonymous_10)","decl":{"start":{"line":133,"column":14},"end":{"line":133,"column":15}},"loc":{"start":{"line":133,"column":23},"end":{"line":139,"column":15}},"line":133},"11":{"name":"getForgotPassword","decl":{"start":{"line":148,"column":9},"end":{"line":148,"column":26}},"loc":{"start":{"line":148,"column":43},"end":{"line":170,"column":1}},"line":148},"12":{"name":"(anonymous_12)","decl":{"start":{"line":155,"column":51},"end":{"line":155,"column":52}},"loc":{"start":{"line":155,"column":65},"end":{"line":169,"column":3}},"line":155},"13":{"name":"putForgotPassword","decl":{"start":{"line":172,"column":9},"end":{"line":172,"column":26}},"loc":{"start":{"line":172,"column":43},"end":{"line":208,"column":1}},"line":172},"14":{"name":"(anonymous_14)","decl":{"start":{"line":182,"column":59},"end":{"line":182,"column":60}},"loc":{"start":{"line":182,"column":73},"end":{"line":206,"column":5}},"line":182},"15":{"name":"(anonymous_15)","decl":{"start":{"line":196,"column":12},"end":{"line":196,"column":13}},"loc":{"start":{"line":196,"column":21},"end":{"line":202,"column":13}},"line":196}},"branchMap":{"0":{"loc":{"start":{"line":18,"column":4},"end":{"line":24,"column":5}},"type":"if","locations":[{"start":{"line":18,"column":4},"end":{"line":24,"column":5}},{"start":{"line":20,"column":11},"end":{"line":24,"column":5}}],"line":18},"1":{"loc":{"start":{"line":20,"column":11},"end":{"line":24,"column":5}},"type":"if","locations":[{"start":{"line":20,"column":11},"end":{"line":24,"column":5}},{"start":{"line":22,"column":11},"end":{"line":24,"column":5}}],"line":20},"2":{"loc":{"start":{"line":31,"column":2},"end":{"line":33,"column":3}},"type":"if","locations":[{"start":{"line":31,"column":2},"end":{"line":33,"column":3}},{"start":{},"end":{}}],"line":31},"3":{"loc":{"start":{"line":36,"column":4},"end":{"line":64,"column":5}},"type":"if","locations":[{"start":{"line":36,"column":4},"end":{"line":64,"column":5}},{"start":{"line":38,"column":11},"end":{"line":64,"column":5}}],"line":36},"4":{"loc":{"start":{"line":39,"column":6},"end":{"line":45,"column":7}},"type":"if","locations":[{"start":{"line":39,"column":6},"end":{"line":45,"column":7}},{"start":{},"end":{}}],"line":39},"5":{"loc":{"start":{"line":46,"column":6},"end":{"line":63,"column":7}},"type":"if","locations":[{"start":{"line":46,"column":6},"end":{"line":63,"column":7}},{"start":{"line":55,"column":13},"end":{"line":63,"column":7}}],"line":46},"6":{"loc":{"start":{"line":48,"column":10},"end":{"line":49,"column":52}},"type":"binary-expr","locations":[{"start":{"line":48,"column":10},"end":{"line":48,"column":40}},{"start":{"line":49,"column":10},"end":{"line":49,"column":52}}],"line":48},"7":{"loc":{"start":{"line":57,"column":10},"end":{"line":61,"column":11}},"type":"if","locations":[{"start":{"line":57,"column":10},"end":{"line":61,"column":11}},{"start":{"line":59,"column":17},"end":{"line":61,"column":11}}],"line":57},"8":{"loc":{"start":{"line":71,"column":2},"end":{"line":73,"column":3}},"type":"if","locations":[{"start":{"line":71,"column":2},"end":{"line":73,"column":3}},{"start":{},"end":{}}],"line":71},"9":{"loc":{"start":{"line":80,"column":4},"end":{"line":96,"column":5}},"type":"if","locations":[{"start":{"line":80,"column":4},"end":{"line":96,"column":5}},{"start":{"line":82,"column":11},"end":{"line":96,"column":5}}],"line":80},"10":{"loc":{"start":{"line":83,"column":6},"end":{"line":95,"column":7}},"type":"if","locations":[{"start":{"line":83,"column":6},"end":{"line":95,"column":7}},{"start":{"line":87,"column":13},"end":{"line":95,"column":7}}],"line":83},"11":{"loc":{"start":{"line":89,"column":10},"end":{"line":93,"column":11}},"type":"if","locations":[{"start":{"line":89,"column":10},"end":{"line":93,"column":11}},{"start":{"line":91,"column":17},"end":{"line":93,"column":11}}],"line":89},"12":{"loc":{"start":{"line":103,"column":2},"end":{"line":105,"column":3}},"type":"if","locations":[{"start":{"line":103,"column":2},"end":{"line":105,"column":3}},{"start":{},"end":{}}],"line":103},"13":{"loc":{"start":{"line":111,"column":2},"end":{"line":145,"column":3}},"type":"if","locations":[{"start":{"line":111,"column":2},"end":{"line":145,"column":3}},{"start":{"line":113,"column":9},"end":{"line":145,"column":3}}],"line":111},"14":{"loc":{"start":{"line":115,"column":6},"end":{"line":143,"column":7}},"type":"if","locations":[{"start":{"line":115,"column":6},"end":{"line":143,"column":7}},{"start":{"line":117,"column":13},"end":{"line":143,"column":7}}],"line":115},"15":{"loc":{"start":{"line":118,"column":8},"end":{"line":142,"column":9}},"type":"if","locations":[{"start":{"line":118,"column":8},"end":{"line":142,"column":9}},{"start":{"line":124,"column":15},"end":{"line":142,"column":9}}],"line":118},"16":{"loc":{"start":{"line":125,"column":10},"end":{"line":141,"column":11}},"type":"if","locations":[{"start":{"line":125,"column":10},"end":{"line":141,"column":11}},{"start":{"line":129,"column":17},"end":{"line":141,"column":11}}],"line":125},"17":{"loc":{"start":{"line":134,"column":16},"end":{"line":138,"column":17}},"type":"if","locations":[{"start":{"line":134,"column":16},"end":{"line":138,"column":17}},{"start":{"line":136,"column":23},"end":{"line":138,"column":17}}],"line":134},"18":{"loc":{"start":{"line":151,"column":2},"end":{"line":153,"column":3}},"type":"if","locations":[{"start":{"line":151,"column":2},"end":{"line":153,"column":3}},{"start":{},"end":{}}],"line":151},"19":{"loc":{"start":{"line":156,"column":4},"end":{"line":168,"column":5}},"type":"if","locations":[{"start":{"line":156,"column":4},"end":{"line":168,"column":5}},{"start":{"line":158,"column":11},"end":{"line":168,"column":5}}],"line":156},"20":{"loc":{"start":{"line":159,"column":6},"end":{"line":167,"column":7}},"type":"if","locations":[{"start":{"line":159,"column":6},"end":{"line":167,"column":7}},{"start":{"line":165,"column":13},"end":{"line":167,"column":7}}],"line":159},"21":{"loc":{"start":{"line":175,"column":2},"end":{"line":177,"column":3}},"type":"if","locations":[{"start":{"line":175,"column":2},"end":{"line":177,"column":3}},{"start":{},"end":{}}],"line":175},"22":{"loc":{"start":{"line":179,"column":2},"end":{"line":207,"column":3}},"type":"if","locations":[{"start":{"line":179,"column":2},"end":{"line":207,"column":3}},{"start":{"line":181,"column":9},"end":{"line":207,"column":3}}],"line":179},"23":{"loc":{"start":{"line":183,"column":6},"end":{"line":205,"column":7}},"type":"if","locations":[{"start":{"line":183,"column":6},"end":{"line":205,"column":7}},{"start":{"line":185,"column":13},"end":{"line":205,"column":7}}],"line":183},"24":{"loc":{"start":{"line":186,"column":8},"end":{"line":204,"column":9}},"type":"if","locations":[{"start":{"line":186,"column":8},"end":{"line":204,"column":9}},{"start":{"line":192,"column":15},"end":{"line":204,"column":9}}],"line":186},"25":{"loc":{"start":{"line":197,"column":14},"end":{"line":201,"column":15}},"type":"if","locations":[{"start":{"line":197,"column":14},"end":{"line":201,"column":15}},{"start":{"line":199,"column":21},"end":{"line":201,"column":15}}],"line":197}},"s":{"0":1,"1":1,"2":1,"3":1,"4":1,"5":1,"6":1,"7":1,"8":1,"9":1,"10":1,"11":3,"12":3,"13":3,"14":0,"15":3,"16":2,"17":1,"18":4,"19":4,"20":4,"21":1,"22":3,"23":3,"24":3,"25":0,"26":3,"27":1,"28":2,"29":1,"30":1,"31":1,"32":0,"33":1,"34":3,"35":3,"36":3,"37":1,"38":2,"39":2,"40":2,"41":0,"42":2,"43":1,"44":1,"45":1,"46":0,"47":1,"48":3,"49":3,"50":3,"51":0,"52":3,"53":3,"54":1,"55":2,"56":2,"57":0,"58":2,"59":0,"60":2,"61":1,"62":1,"63":1,"64":0,"65":1,"66":3,"67":3,"68":3,"69":0,"70":3,"71":3,"72":3,"73":0,"74":3,"75":1,"76":2,"77":3,"78":3,"79":3,"80":0,"81":3,"82":3,"83":2,"84":1,"85":1,"86":0,"87":1,"88":0,"89":1,"90":1,"91":0,"92":1,"93":1},"f":{"0":3,"1":3,"2":4,"3":3,"4":1,"5":3,"6":2,"7":1,"8":3,"9":2,"10":1,"11":3,"12":3,"13":3,"14":1,"15":1},"b":{"0":[0,3],"1":[2,1],"2":[1,3],"3":[0,3],"4":[1,2],"5":[1,1],"6":[2,2],"7":[0,1],"8":[1,2],"9":[0,2],"10":[1,1],"11":[0,1],"12":[0,3],"13":[1,2],"14":[0,2],"15":[0,2],"16":[1,1],"17":[0,1],"18":[0,3],"19":[0,3],"20":[1,2],"21":[0,3],"22":[2,1],"23":[0,1],"24":[0,1],"25":[0,1]},"_coverageSchema":"1a1c01bbd47fc00a2c39e90264f33305004495a9","hash":"ee7bb65c157ebbb21860e14980b8a97a2c2f7d40"}
,"C:\\Users\\maik.stegemann\\Desktop\\temp\\Home24\\Frontend\\Projekt\\Wetter-App-TDD\\backend\\src\\validation\\routes.js": {"path":"C:\\Users\\maik.stegemann\\Desktop\\temp\\Home24\\Frontend\\Projekt\\Wetter-App-TDD\\backend\\src\\validation\\routes.js","statementMap":{"0":{"start":{"line":1,"column":20},"end":{"line":1,"column":42}},"1":{"start":{"line":5,"column":2},"end":{"line":11,"column":3}},"2":{"start":{"line":6,"column":4},"end":{"line":10,"column":5}},"3":{"start":{"line":7,"column":6},"end":{"line":7,"column":31}},"4":{"start":{"line":8,"column":6},"end":{"line":8,"column":65}},"5":{"start":{"line":9,"column":6},"end":{"line":9,"column":32}},"6":{"start":{"line":12,"column":2},"end":{"line":15,"column":3}},"7":{"start":{"line":13,"column":4},"end":{"line":13,"column":63}},"8":{"start":{"line":14,"column":4},"end":{"line":14,"column":38}},"9":{"start":{"line":16,"column":2},"end":{"line":16,"column":13}},"10":{"start":{"line":19,"column":0},"end":{"line":19,"column":43}}},"fnMap":{"0":{"name":"validateParamsOrQuery","decl":{"start":{"line":3,"column":9},"end":{"line":3,"column":30}},"loc":{"start":{"line":3,"column":47},"end":{"line":17,"column":1}},"line":3}},"branchMap":{"0":{"loc":{"start":{"line":6,"column":4},"end":{"line":10,"column":5}},"type":"if","locations":[{"start":{"line":6,"column":4},"end":{"line":10,"column":5}},{"start":{},"end":{}}],"line":6},"1":{"loc":{"start":{"line":7,"column":12},"end":{"line":7,"column":30}},"type":"binary-expr","locations":[{"start":{"line":7,"column":12},"end":{"line":7,"column":15}},{"start":{"line":7,"column":19},"end":{"line":7,"column":30}}],"line":7},"2":{"loc":{"start":{"line":8,"column":20},"end":{"line":8,"column":64}},"type":"binary-expr","locations":[{"start":{"line":8,"column":20},"end":{"line":8,"column":31}},{"start":{"line":8,"column":35},"end":{"line":8,"column":64}}],"line":8},"3":{"loc":{"start":{"line":12,"column":2},"end":{"line":15,"column":3}},"type":"if","locations":[{"start":{"line":12,"column":2},"end":{"line":15,"column":3}},{"start":{},"end":{}}],"line":12}},"s":{"0":1,"1":16,"2":31,"3":4,"4":4,"5":4,"6":16,"7":2,"8":2,"9":16,"10":1},"f":{"0":16},"b":{"0":[4,27],"1":[4,2],"2":[4,2],"3":[2,14]},"_coverageSchema":"1a1c01bbd47fc00a2c39e90264f33305004495a9","hash":"e86aa15dfe932f6aca73f31e81bb762e551208e9"}
}
