TN:
SF:backend\src\app.js
FN:20,(anonymous_0)
FNF:1
FNH:1
FNDA:11,(anonymous_0)
DA:1,1
DA:2,1
DA:3,1
DA:4,1
DA:5,1
DA:7,1
DA:9,1
DA:10,1
DA:11,1
DA:12,1
DA:15,1
DA:17,1
DA:20,1
DA:21,11
DA:22,11
DA:28,11
DA:29,11
DA:30,11
DA:34,1
LF:19
LH:19
BRDA:21,0,0,11
BRDA:21,0,1,0
BRDA:24,1,0,11
BRDA:24,1,1,0
BRF:4
BRH:2
end_of_record
TN:
SF:backend\src\database\database.js
FNF:0
FNH:0
DA:1,1
DA:2,1
DA:3,1
DA:5,1
DA:7,1
DA:48,1
LF:6
LH:6
BRF:0
BRH:0
end_of_record
TN:
SF:backend\src\routes\user.js
FN:15,getAllFavoritesOfOneUser
FN:17,(anonymous_1)
FN:28,deleteAccount
FN:35,(anonymous_3)
FN:56,(anonymous_4)
FN:68,postRegister
FN:79,(anonymous_6)
FN:88,(anonymous_7)
FN:100,putResetPassword
FN:114,(anonymous_9)
FN:133,(anonymous_10)
FN:148,getForgotPassword
FN:155,(anonymous_12)
FN:172,putForgotPassword
FN:182,(anonymous_14)
FN:196,(anonymous_15)
FNF:16
FNH:16
FNDA:3,getAllFavoritesOfOneUser
FNDA:3,(anonymous_1)
FNDA:4,deleteAccount
FNDA:3,(anonymous_3)
FNDA:1,(anonymous_4)
FNDA:3,postRegister
FNDA:2,(anonymous_6)
FNDA:1,(anonymous_7)
FNDA:3,putResetPassword
FNDA:2,(anonymous_9)
FNDA:1,(anonymous_10)
FNDA:3,getForgotPassword
FNDA:3,(anonymous_12)
FNDA:3,putForgotPassword
FNDA:1,(anonymous_14)
FNDA:1,(anonymous_15)
DA:1,1
DA:2,1
DA:3,1
DA:4,1
DA:5,1
DA:8,1
DA:9,1
DA:10,1
DA:11,1
DA:12,1
DA:13,1
DA:16,3
DA:17,3
DA:18,3
DA:19,0
DA:20,3
DA:21,2
DA:23,1
DA:29,4
DA:30,4
DA:31,4
DA:32,1
DA:34,3
DA:35,3
DA:36,3
DA:37,0
DA:39,3
DA:40,1
DA:46,2
DA:52,1
DA:56,1
DA:57,1
DA:58,0
DA:60,1
DA:69,3
DA:70,3
DA:71,3
DA:72,1
DA:74,2
DA:79,2
DA:80,2
DA:81,0
DA:83,2
DA:84,1
DA:88,1
DA:89,1
DA:90,0
DA:92,1
DA:101,3
DA:102,3
DA:103,3
DA:104,0
DA:106,3
DA:111,3
DA:112,1
DA:114,2
DA:115,2
DA:116,0
DA:118,2
DA:119,0
DA:125,2
DA:126,1
DA:130,1
DA:134,1
DA:135,0
DA:137,1
DA:149,3
DA:150,3
DA:151,3
DA:152,0
DA:154,3
DA:155,3
DA:156,3
DA:157,0
DA:159,3
DA:160,1
DA:166,2
DA:173,3
DA:174,3
DA:175,3
DA:176,0
DA:178,3
DA:179,3
DA:180,2
DA:182,1
DA:183,1
DA:184,0
DA:186,1
DA:187,0
DA:193,1
DA:197,1
DA:198,0
DA:200,1
DA:210,1
LF:94
LH:79
BRDA:18,0,0,0
BRDA:18,0,1,3
BRDA:20,1,0,2
BRDA:20,1,1,1
BRDA:31,2,0,1
BRDA:31,2,1,3
BRDA:36,3,0,0
BRDA:36,3,1,3
BRDA:39,4,0,1
BRDA:39,4,1,2
BRDA:46,5,0,1
BRDA:46,5,1,1
BRDA:48,6,0,2
BRDA:48,6,1,2
BRDA:57,7,0,0
BRDA:57,7,1,1
BRDA:71,8,0,1
BRDA:71,8,1,2
BRDA:80,9,0,0
BRDA:80,9,1,2
BRDA:83,10,0,1
BRDA:83,10,1,1
BRDA:89,11,0,0
BRDA:89,11,1,1
BRDA:103,12,0,0
BRDA:103,12,1,3
BRDA:111,13,0,1
BRDA:111,13,1,2
BRDA:115,14,0,0
BRDA:115,14,1,2
BRDA:118,15,0,0
BRDA:118,15,1,2
BRDA:125,16,0,1
BRDA:125,16,1,1
BRDA:134,17,0,0
BRDA:134,17,1,1
BRDA:151,18,0,0
BRDA:151,18,1,3
BRDA:156,19,0,0
BRDA:156,19,1,3
BRDA:159,20,0,1
BRDA:159,20,1,2
BRDA:175,21,0,0
BRDA:175,21,1,3
BRDA:179,22,0,2
BRDA:179,22,1,1
BRDA:183,23,0,0
BRDA:183,23,1,1
BRDA:186,24,0,0
BRDA:186,24,1,1
BRDA:197,25,0,0
BRDA:197,25,1,1
BRF:52
BRH:37
end_of_record
TN:
SF:backend\src\validation\routes.js
FN:3,validateParamsOrQuery
FNF:1
FNH:1
FNDA:16,validateParamsOrQuery
DA:1,1
DA:5,16
DA:6,31
DA:7,4
DA:8,4
DA:9,4
DA:12,16
DA:13,2
DA:14,2
DA:16,16
DA:19,1
LF:11
LH:11
BRDA:6,0,0,4
BRDA:6,0,1,27
BRDA:7,1,0,4
BRDA:7,1,1,2
BRDA:8,2,0,4
BRDA:8,2,1,2
BRDA:12,3,0,2
BRDA:12,3,1,14
BRF:8
BRH:8
end_of_record
